<?xml version="1.0" encoding="UTF-8"?>
<!-- Generated by org.testng.reporters.JUnitReportReporter -->
<testsuite skipped="0" hostname="DESKTOP-MIA0CT7" name="testcases.DemoTest" tests="2" failures="0" timestamp="29 May 2021 12:25:36 GMT" time="0.053" errors="0">
  <testcase name="m2" time="0.011" classname="testcases.DemoTest"/>
  <testcase name="m1" time="0.042" classname="testcases.DemoTest"/>
</testsuite> <!-- testcases.DemoTest -->
