<?xml version="1.0" encoding="UTF-8"?>
<!-- Generated by org.testng.reporters.JUnitReportReporter -->
<testsuite skipped="0" hostname="DESKTOP-MIA0CT7" name="testcases.Sample" tests="1" failures="0" timestamp="18 Feb 2020 16:38:32 GMT" time="5.796" errors="0">
  <testcase name="launchGoogle" time="5.796" classname="testcases.Sample"/>
</testsuite> <!-- testcases.Sample -->
