<?xml version="1.0" encoding="UTF-8"?>
<!-- Generated by org.testng.reporters.JUnitReportReporter -->
<testsuite skipped="0" hostname="DESKTOP-MIA0CT7" name="com.deskera.basePage.BasePage" tests="1" failures="0" timestamp="29 May 2021 14:04:57 GMT" time="0.036" errors="0">
  <testcase name="intializeDataProperties" time="0.036" classname="com.deskera.basePage.BasePage"/>
</testsuite> <!-- com.deskera.basePage.BasePage -->
